<hookData>
  <network connections='1'>
    <name>vm-net</name>
    <uuid>62d7391d-2ddc-4e45-ad33-e7ac7c15f5f4</uuid>
    <forward mode='nat'>
      <nat>
        <port start='1024' end='65535'/>
      </nat>
    </forward>
    <bridge name='virtbr0' stp='on' delay='0'/>
    <mac address='52:54:00:c8:78:1d'/>
    <domain name='vm' localOnly='yes'/>
    <ip address='172.16.1.1' netmask='255.255.255.0'>
      <dhcp>
        <range start='172.16.1.100' end='172.16.1.150'/>
      </dhcp>
    </ip>
  </network>
  <networkport>
    <uuid>ef9fb1fe-9456-4b5e-8ed4-2ab8874c7c80</uuid>
    <owner>
      <name>windows</name>
      <uuid>850db4ff-e343-45ef-8cd1-0636704e9453</uuid>
    </owner>
    <mac address='52:54:00:69:c0:9e'/>
    <plug type='network' bridge='virtbr0'/>
  </networkport>