<domain type="kvm">
  <name>windows-gpu</name>
  <description>test
    args[ --dry-run --pin-cpu-cores   --enable-internal-services --enable-external-services --enable-nfs --debug   ]
    &lt;notTag&gt;
    args[ --flag3 --flag4 ]

        host_services[  home:ssh,smb   libvirt:dhcp,dns ]

    internal_services[ smb dhcp ]
        internal_services[  ]
    internal_services[   dhcp   smb   ]
internal_services[ ]
    internal_services[smb dhcp]
        internal_services[]
    internal_services[ nfs dns ]
  </description>
  <metadata>
    <libosinfo:libosinfo xmlns:libosinfo="http://libosinfo.org/xmlns/libvirt/domain/1.0">
      <libosinfo:os id="http://microsoft.com/win/10"/>
    </libosinfo:libosinfo>
  </metadata>
  <memory unit="KiB">10485760</memory>
  <cputune>
    <vcpupin vcpu="0" cpuset="8"/>
    <vcpupin vcpu="1" cpuset="9"/>
    <vcpupin vcpu="2" cpuset="10"/>
    <vcpupin vcpu="3" cpuset="11"/>
    <emulatorpin cpuset="6-7"/>
    <iothreadpin iothread="1" cpuset="6-7"/>
  </cputune>
  <os>
    <type arch="x86_64" machine="pc-q35-5.1">hvm</type>
    <loader readonly="yes" type="pflash">/usr/share/edk2/ovmf/OVMF_CODE.secboot.fd</loader>
    <nvram>/var/lib/libvirt/qemu/nvram/windows-gpu_VARS.fd</nvram>
    <bootmenu enable="yes"/>
  </os>
  <devices>
    <disk type="file" device="disk">
      <driver name="qemu" type="qcow2"/>
      <source file="/var/lib/libvirt/images/windows.qcow2"/>
      <target dev="sda" bus="sata"/>
      <boot order="2"/>
      <address type="drive" controller="0" bus="0" target="0" unit="1"/>
    </disk>

    <disk type="block" device="disk">
      <driver name="qemu" type="raw" cache="none" io="native"/>
      <source dev="/dev/disk/by-id/ata-1XXXXXXXXXX-XXXXXX_XXXXXXXX"/>
      <target dev="sdb" bus="sata"/>
      <address type="drive" controller="0" bus="0" target="0" unit="2"/>
    </disk>
    <disk type="block" device="disk">
      <driver name="qemu" type="raw" cache="none" io="native"/>
      <source dev="/dev/disk/by-id/ata-2XXXXXXXXXX-XXXXXX_XXXXXXXX"/>
      <target dev="sdc" bus="sata"/>
      <address type="drive" controller="0" bus="0" target="0" unit="3"/>
    </disk>

    <disk type="file" device="cdrom">
      <driver name="qemu" type="raw"/>
      <source file="/mnt/virt/ISOs/Windows/11/2022-03-02/Win11_English_x64v1.iso"/>
      <target dev="sdd" bus="sata"/>
      <readonly/>
      <boot order="3"/>
      <address type="drive" controller="0" bus="0" target="0" unit="4"/>
    </disk>
    <disk type="file" device="cdrom">
      <driver name="qemu" type="raw"/>
      <source file="/mnt/virt/ISOs/Windows/Drivers/virtio-win-0.1.215.iso"/>
      <target dev="sde" bus="sata"/>
      <readonly/>
      <boot order="4"/>
      <address type="drive" controller="0" bus="0" target="0" unit="5"/>
    </disk>
    <disk type="file" device="cdrom">
      <driver name="qemu" type="raw"/>
      <source file="/mnt/virt/ISOs/Linux/Fedora/35/Fedora-KDE-Live-x86_64-35-1.2.iso"/>
      <target dev="sdf" bus="sata"/>
      <readonly/>
      <boot order="1"/>
      <address type="drive" controller="0" bus="0" target="0" unit="6"/>
    </disk>

    <controller type="usb" index="0" model="qemu-xhci" ports="15">
      <address type="pci" domain="0x0000" bus="0x02" slot="0x00" function="0x0"/>
    </controller>

    <controller type="sata" index="0">
      <address type="pci" domain="0x0000" bus="0x00" slot="0x1f" function="0x2"/>
    </controller>

    <controller type="pci" index="0" model="pcie-root"/>
    <controller type="pci" index="1" model="pcie-root-port">
      <model name="pcie-root-port"/>
      <target chassis="1" port="0x10"/>
      <address type="pci" domain="0x0000" bus="0x00" slot="0x02" function="0x0" multifunction="on"/>
    </controller>
    <controller type="pci" index="2" model="pcie-root-port">
      <model name="pcie-root-port"/>
      <target chassis="2" port="0x11"/>
      <address type="pci" domain="0x0000" bus="0x00" slot="0x02" function="0x1"/>
    </controller>

    <hostdev mode="subsystem" type="pci" managed="yes">
      <source>
        <address domain="0x0000" bus="0x06" slot="0x00" function="0x0"/>
      </source>
      <rom bar="on"/>
      <address type="pci" domain="0x0000" bus="0x03" slot="0x00" function="0x0"/>
    </hostdev>
    <hostdev mode="subsystem" type="pci" managed="yes">
      <source>
        <address domain="0x0000" bus="0x06" slot="0x00" function="0x1"/>
      </source>
      <rom bar="on"/>
      <address type="pci" domain="0x0000" bus="0x04" slot="0x00" function="0x0"/>
    </hostdev>
    <hostdev mode="subsystem" type="pci" managed="yes">
      <source>
        <address domain="0x0000" bus="0x06" slot="0x00" function="0x2"/>
      </source>
      <rom bar="on"/>
      <address type="pci" domain="0x0000" bus="0x06" slot="0x00" function="0x0"/>
    </hostdev>
    <hostdev mode="subsystem" type="pci" managed="yes">
      <source>
        <address domain="0x0000" bus="0x06" slot="0x00" function="0x3"/>
      </source>
      <rom bar="on"/>
      <address type="pci" domain="0x0000" bus="0x07" slot="0x00" function="0x0"/>
    </hostdev>
    <hostdev mode="subsystem" type="pci" managed="yes">
      <source>
        <address domain="0x0000" bus="0x07" slot="0x00" function="0x3"/>
      </source>
      <address type="pci" domain="0x0000" bus="0x08" slot="0x00" function="0x0"/>
    </hostdev>

    <hostdev mode="subsystem" type="usb" managed="yes">
      <source>
        <vendor id="0x8087"/>
        <product id="0x0025"/>
      </source>
      <address type="usb" bus="0" port="4"/>
    </hostdev>

    <hostdev mode='subsystem' type='scsi' sgio='filtered' rawio='yes'>
      <source>
        <adapter name='scsi_host0'/>
        <address bus='0' target='0' unit='0'/>
      </source>
      <readonly/>
      <address type='drive' controller='0' bus='0' target='0' unit='0'/>
    </hostdev>
    <hostdev mode='subsystem' type='scsi'>
      <source protocol='iscsi' name='iqn.2014-08.com.example:iscsi-nopool/1'>
        <host name='example.com' port='3260'/>
        <auth username='myuser'>
          <secret type='iscsi' usage='libvirtiscsi'/>
        </auth>
        <initiator>
          <iqn name='iqn.2020-07.com.example:test'/>
        </initiator>
      </source>
      <address type='drive' controller='0' bus='0' target='0' unit='0'/>
    </hostdev>

    <hostdev mode='subsystem' type='scsi_host'>
      <source protocol='vhost' wwpn='naa.50014057667280d8'/>
    </hostdev>

    <hostdev mode='subsystem' type='mdev' model='vfio-pci'>
      <source>
        <address uuid='c2177883-f1bb-47f0-914d-32a22e3a8804'/>
      </source>
    </hostdev>
    <hostdev mode='subsystem' type='mdev' model='vfio-ccw'>
      <source>
        <address uuid='9063cba3-ecef-47b6-abcf-3fef4fdcad85'/>
      </source>
      <address type='ccw' cssid='0xfe' ssid='0x0' devno='0x0001'/>
    </hostdev>

    <interface type="network">
      <mac address="FF:FF:FF:FF:FF:F1"/>
      <source network="vm-net"/>
      <model type="virtio"/>
      <link state="up"/>
      <address type="pci" domain="0x0000" bus="0x01" slot="0x00" function="0x0"/>
    </interface>
    <interface type="network">
      <mac address="FF:FF:FF:FF:FF:F2"/>
      <source network="lxc-net"/>
      <model type="virtio"/>
      <link state="up"/>
      <address type="pci" domain="0x0000" bus="0x01" slot="0x00" function="0x0"/>
    </interface>
    <interface type="bridge">
      <mac address="FF:FF:FF:FF:FF:F3"/>
      <source bridge="virtbr1"/>
      <model type="e1000e"/>
      <address type="pci" domain="0x0000" bus="0x04" slot="0x00" function="0x0"/>
    </interface>
    <interface type="direct">
      <mac address="FF:FF:FF:FF:FF:F4"/>
      <source dev="virtbr2" mode="bridge"/>
      <model type="e1000e"/>
      <address type="pci" domain="0x0000" bus="0x04" slot="0x00" function="0x0"/>
    </interface>

    <serial type="pty">
      <target type="isa-serial" port="0">
        <model name="isa-serial"/>
      </target>
    </serial>

    <console type="pty">
      <target type="serial" port="0"/>
    </console>

    <channel type="spicevmc">
      <target type="virtio" name="com.redhat.spice.0"/>
      <address type="virtio-serial" controller="0" bus="0" port="1"/>
    </channel>

    <input type="tablet" bus="usb">
      <address type="usb" bus="0" port="1"/>
    </input>
    <input type="mouse" bus="ps2"/>
    <input type="keyboard" bus="ps2"/>

    <graphics type="spice" autoport="yes">
      <listen type="address"/>
      <image compression="off"/>
    </graphics>

    <sound model="ich9">
      <address type="pci" domain="0x0000" bus="0x00" slot="0x1b" function="0x0"/>
    </sound>

    <audio id="1" type="spice"/>

    <video>
      <model type="qxl" ram="65536" vram="65536" vgamem="16384" heads="1" primary="yes"/>
      <address type="pci" domain="0x0000" bus="0x00" slot="0x01" function="0x0"/>
    </video>

    <redirdev bus="usb" type="spicevmc">
      <address type="usb" bus="0" port="2"/>
    </redirdev>
    <redirdev bus="usb" type="spicevmc">
      <address type="usb" bus="0" port="3"/>
    </redirdev>

    <memballoon model="virtio">
      <address type="pci" domain="0x0000" bus="0x05" slot="0x00" function="0x0"/>
    </memballoon>
  </devices>
</domain>
